Connecting to database specified by database.yml
Connecting to database specified by database.yml


Started GET "/" for 127.0.0.1 at 2014-02-01 12:20:06 -0500

ActionController::RoutingError (No route matches [GET] "/"):
  actionpack (3.2.13) lib/action_dispatch/middleware/debug_exceptions.rb:21:in `call'
  actionpack (3.2.13) lib/action_dispatch/middleware/show_exceptions.rb:56:in `call'
  railties (3.2.13) lib/rails/rack/logger.rb:32:in `call_app'
  railties (3.2.13) lib/rails/rack/logger.rb:16:in `block in call'
  activesupport (3.2.13) lib/active_support/tagged_logging.rb:22:in `tagged'
  railties (3.2.13) lib/rails/rack/logger.rb:16:in `call'
  actionpack (3.2.13) lib/action_dispatch/middleware/request_id.rb:22:in `call'
  rack (1.4.5) lib/rack/methodoverride.rb:21:in `call'
  rack (1.4.5) lib/rack/runtime.rb:17:in `call'
  activesupport (3.2.13) lib/active_support/cache/strategy/local_cache.rb:72:in `call'
  rack (1.4.5) lib/rack/lock.rb:15:in `call'
  actionpack (3.2.13) lib/action_dispatch/middleware/static.rb:63:in `call'
  railties (3.2.13) lib/rails/engine.rb:479:in `call'
  railties (3.2.13) lib/rails/application.rb:223:in `call'
  rack (1.4.5) lib/rack/content_length.rb:14:in `call'
  railties (3.2.13) lib/rails/rack/log_tailer.rb:17:in `call'
  rack (1.4.5) lib/rack/handler/webrick.rb:59:in `service'
  /Users/niznik/.rvm/rubies/ruby-2.0.0-p247/lib/ruby/2.0.0/webrick/httpserver.rb:138:in `service'
  /Users/niznik/.rvm/rubies/ruby-2.0.0-p247/lib/ruby/2.0.0/webrick/httpserver.rb:94:in `run'
  /Users/niznik/.rvm/rubies/ruby-2.0.0-p247/lib/ruby/2.0.0/webrick/server.rb:295:in `block in start_thread'


  Rendered /Users/niznik/.rvm/gems/ruby-2.0.0-p247@block_rails_3/gems/actionpack-3.2.13/lib/action_dispatch/middleware/templates/rescues/routing_error.erb within rescues/layout (1.9ms)


Started GET "/" for 127.0.0.1 at 2014-02-01 12:20:07 -0500

ActionController::RoutingError (No route matches [GET] "/"):
  actionpack (3.2.13) lib/action_dispatch/middleware/debug_exceptions.rb:21:in `call'
  actionpack (3.2.13) lib/action_dispatch/middleware/show_exceptions.rb:56:in `call'
  railties (3.2.13) lib/rails/rack/logger.rb:32:in `call_app'
  railties (3.2.13) lib/rails/rack/logger.rb:16:in `block in call'
  activesupport (3.2.13) lib/active_support/tagged_logging.rb:22:in `tagged'
  railties (3.2.13) lib/rails/rack/logger.rb:16:in `call'
  actionpack (3.2.13) lib/action_dispatch/middleware/request_id.rb:22:in `call'
  rack (1.4.5) lib/rack/methodoverride.rb:21:in `call'
  rack (1.4.5) lib/rack/runtime.rb:17:in `call'
  activesupport (3.2.13) lib/active_support/cache/strategy/local_cache.rb:72:in `call'
  rack (1.4.5) lib/rack/lock.rb:15:in `call'
  actionpack (3.2.13) lib/action_dispatch/middleware/static.rb:63:in `call'
  railties (3.2.13) lib/rails/engine.rb:479:in `call'
  railties (3.2.13) lib/rails/application.rb:223:in `call'
  rack (1.4.5) lib/rack/content_length.rb:14:in `call'
  railties (3.2.13) lib/rails/rack/log_tailer.rb:17:in `call'
  rack (1.4.5) lib/rack/handler/webrick.rb:59:in `service'
  /Users/niznik/.rvm/rubies/ruby-2.0.0-p247/lib/ruby/2.0.0/webrick/httpserver.rb:138:in `service'
  /Users/niznik/.rvm/rubies/ruby-2.0.0-p247/lib/ruby/2.0.0/webrick/httpserver.rb:94:in `run'
  /Users/niznik/.rvm/rubies/ruby-2.0.0-p247/lib/ruby/2.0.0/webrick/server.rb:295:in `block in start_thread'


  Rendered /Users/niznik/.rvm/gems/ruby-2.0.0-p247@block_rails_3/gems/actionpack-3.2.13/lib/action_dispatch/middleware/templates/rescues/routing_error.erb within rescues/layout (0.5ms)
Connecting to database specified by database.yml
Connecting to database specified by database.yml
Connecting to database specified by database.yml
Connecting to database specified by database.yml
Connecting to database specified by database.yml
  [1m[36m (10.1ms)[0m  [1mCREATE TABLE "schema_migrations" ("version" character varying(255) NOT NULL) [0m
  [1m[35m (3.7ms)[0m  CREATE UNIQUE INDEX "unique_schema_migrations" ON "schema_migrations" ("version")
  [1m[36m (0.5ms)[0m  [1mSELECT "schema_migrations"."version" FROM "schema_migrations" [0m
  [1m[35m (111.6ms)[0m  DROP DATABASE IF EXISTS "vitriol_test"
  [1m[36m (257.8ms)[0m  [1mCREATE DATABASE "vitriol_test" ENCODING = 'unicode'[0m
Connecting to database specified by database.yml
Connecting to database specified by database.yml
  [1m[36m (0.4ms)[0m  [1mSELECT "schema_migrations"."version" FROM "schema_migrations" [0m
Migrating to DeviseCreateUsers (20140201173729)
  [1m[35m (0.2ms)[0m  BEGIN
  [1m[36m (11.3ms)[0m  [1mCREATE TABLE "users" ("id" serial primary key, "email" character varying(255) DEFAULT '' NOT NULL, "encrypted_password" character varying(255) DEFAULT '' NOT NULL, "reset_password_token" character varying(255), "reset_password_sent_at" timestamp, "remember_created_at" timestamp, "sign_in_count" integer DEFAULT 0 NOT NULL, "current_sign_in_at" timestamp, "last_sign_in_at" timestamp, "current_sign_in_ip" character varying(255), "last_sign_in_ip" character varying(255), "created_at" timestamp NOT NULL, "updated_at" timestamp NOT NULL) [0m
  [1m[35m (2.4ms)[0m  CREATE UNIQUE INDEX "index_users_on_email" ON "users" ("email")
  [1m[36m (0.9ms)[0m  [1mCREATE UNIQUE INDEX "index_users_on_reset_password_token" ON "users" ("reset_password_token")[0m
  [1m[35m (0.8ms)[0m  INSERT INTO "schema_migrations" ("version") VALUES ('20140201173729')
  [1m[36m (1.1ms)[0m  [1mCOMMIT[0m
  [1m[35m (0.2ms)[0m  SELECT "schema_migrations"."version" FROM "schema_migrations" 
Connecting to database specified by database.yml
  [1m[36m (0.3ms)[0m  [1mSELECT "schema_migrations"."version" FROM "schema_migrations" [0m
  [1m[35m (111.5ms)[0m  DROP DATABASE IF EXISTS "vitriol_test"
  [1m[36m (401.7ms)[0m  [1mCREATE DATABASE "vitriol_test" ENCODING = 'unicode'[0m
  [1m[35m (9.5ms)[0m  CREATE TABLE "users" ("id" serial primary key, "email" character varying(255) DEFAULT '' NOT NULL, "encrypted_password" character varying(255) DEFAULT '' NOT NULL, "reset_password_token" character varying(255), "reset_password_sent_at" timestamp, "remember_created_at" timestamp, "sign_in_count" integer DEFAULT 0 NOT NULL, "current_sign_in_at" timestamp, "last_sign_in_at" timestamp, "current_sign_in_ip" character varying(255), "last_sign_in_ip" character varying(255), "created_at" timestamp NOT NULL, "updated_at" timestamp NOT NULL) 
  [1m[36m (1.5ms)[0m  [1mCREATE UNIQUE INDEX "index_users_on_email" ON "users" ("email")[0m
  [1m[35m (1.0ms)[0m  CREATE UNIQUE INDEX "index_users_on_reset_password_token" ON "users" ("reset_password_token")
  [1m[36m (1.4ms)[0m  [1mCREATE TABLE "schema_migrations" ("version" character varying(255) NOT NULL) [0m
  [1m[35m (1.2ms)[0m  CREATE UNIQUE INDEX "unique_schema_migrations" ON "schema_migrations" ("version")
  [1m[36m (0.5ms)[0m  [1mSELECT version FROM "schema_migrations"[0m
  [1m[35m (0.7ms)[0m  INSERT INTO "schema_migrations" (version) VALUES ('20140201173729')
Connecting to database specified by database.yml


Started GET "/" for 127.0.0.1 at 2014-02-01 12:51:12 -0500

ActionController::RoutingError (uninitialized constant HomeController):
  activesupport (3.2.13) lib/active_support/inflector/methods.rb:230:in `block in constantize'
  activesupport (3.2.13) lib/active_support/inflector/methods.rb:229:in `each'
  activesupport (3.2.13) lib/active_support/inflector/methods.rb:229:in `constantize'
  actionpack (3.2.13) lib/action_dispatch/routing/route_set.rb:69:in `controller_reference'
  actionpack (3.2.13) lib/action_dispatch/routing/route_set.rb:54:in `controller'
  actionpack (3.2.13) lib/action_dispatch/routing/route_set.rb:32:in `call'
  journey (1.0.4) lib/journey/router.rb:68:in `block in call'
  journey (1.0.4) lib/journey/router.rb:56:in `each'
  journey (1.0.4) lib/journey/router.rb:56:in `call'
  actionpack (3.2.13) lib/action_dispatch/routing/route_set.rb:612:in `call'
  warden (1.2.3) lib/warden/manager.rb:35:in `block in call'
  warden (1.2.3) lib/warden/manager.rb:34:in `catch'
  warden (1.2.3) lib/warden/manager.rb:34:in `call'
  actionpack (3.2.13) lib/action_dispatch/middleware/best_standards_support.rb:17:in `call'
  rack (1.4.5) lib/rack/etag.rb:23:in `call'
  rack (1.4.5) lib/rack/conditionalget.rb:25:in `call'
  actionpack (3.2.13) lib/action_dispatch/middleware/head.rb:14:in `call'
  actionpack (3.2.13) lib/action_dispatch/middleware/params_parser.rb:21:in `call'
  actionpack (3.2.13) lib/action_dispatch/middleware/flash.rb:242:in `call'
  rack (1.4.5) lib/rack/session/abstract/id.rb:210:in `context'
  rack (1.4.5) lib/rack/session/abstract/id.rb:205:in `call'
  actionpack (3.2.13) lib/action_dispatch/middleware/cookies.rb:341:in `call'
  activerecord (3.2.13) lib/active_record/query_cache.rb:64:in `call'
  activerecord (3.2.13) lib/active_record/connection_adapters/abstract/connection_pool.rb:479:in `call'
  actionpack (3.2.13) lib/action_dispatch/middleware/callbacks.rb:28:in `block in call'
  activesupport (3.2.13) lib/active_support/callbacks.rb:405:in `_run__4575607196667485494__call__2450891672876697032__callbacks'
  activesupport (3.2.13) lib/active_support/callbacks.rb:405:in `__run_callback'
  activesupport (3.2.13) lib/active_support/callbacks.rb:385:in `_run_call_callbacks'
  activesupport (3.2.13) lib/active_support/callbacks.rb:81:in `run_callbacks'
  actionpack (3.2.13) lib/action_dispatch/middleware/callbacks.rb:27:in `call'
  actionpack (3.2.13) lib/action_dispatch/middleware/reloader.rb:65:in `call'
  actionpack (3.2.13) lib/action_dispatch/middleware/remote_ip.rb:31:in `call'
  actionpack (3.2.13) lib/action_dispatch/middleware/debug_exceptions.rb:16:in `call'
  actionpack (3.2.13) lib/action_dispatch/middleware/show_exceptions.rb:56:in `call'
  railties (3.2.13) lib/rails/rack/logger.rb:32:in `call_app'
  railties (3.2.13) lib/rails/rack/logger.rb:16:in `block in call'
  activesupport (3.2.13) lib/active_support/tagged_logging.rb:22:in `tagged'
  railties (3.2.13) lib/rails/rack/logger.rb:16:in `call'
  actionpack (3.2.13) lib/action_dispatch/middleware/request_id.rb:22:in `call'
  rack (1.4.5) lib/rack/methodoverride.rb:21:in `call'
  rack (1.4.5) lib/rack/runtime.rb:17:in `call'
  activesupport (3.2.13) lib/active_support/cache/strategy/local_cache.rb:72:in `call'
  rack (1.4.5) lib/rack/lock.rb:15:in `call'
  actionpack (3.2.13) lib/action_dispatch/middleware/static.rb:63:in `call'
  railties (3.2.13) lib/rails/engine.rb:479:in `call'
  railties (3.2.13) lib/rails/application.rb:223:in `call'
  rack (1.4.5) lib/rack/content_length.rb:14:in `call'
  railties (3.2.13) lib/rails/rack/log_tailer.rb:17:in `call'
  rack (1.4.5) lib/rack/handler/webrick.rb:59:in `service'
  /Users/niznik/.rvm/rubies/ruby-2.0.0-p247/lib/ruby/2.0.0/webrick/httpserver.rb:138:in `service'
  /Users/niznik/.rvm/rubies/ruby-2.0.0-p247/lib/ruby/2.0.0/webrick/httpserver.rb:94:in `run'
  /Users/niznik/.rvm/rubies/ruby-2.0.0-p247/lib/ruby/2.0.0/webrick/server.rb:295:in `block in start_thread'


  Rendered /Users/niznik/.rvm/gems/ruby-2.0.0-p247@block_rails_3/gems/actionpack-3.2.13/lib/action_dispatch/middleware/templates/rescues/routing_error.erb within rescues/layout (1.6ms)
Connecting to database specified by database.yml
Connecting to database specified by database.yml
Connecting to database specified by database.yml
Connecting to database specified by database.yml
  [1m[36m (0.5ms)[0m  [1mSELECT "schema_migrations"."version" FROM "schema_migrations" [0m
Migrating to DeviseCreateUsers (20140201173729)
Migrating to CreateTopics (20140201175227)
  [1m[35m (0.1ms)[0m  BEGIN
  [1m[36m (8.1ms)[0m  [1mCREATE TABLE "topics" ("id" serial primary key, "title" character varying(255), "body" text, "user_id" integer, "created_at" timestamp NOT NULL, "updated_at" timestamp NOT NULL) [0m
  [1m[35m (0.4ms)[0m  INSERT INTO "schema_migrations" ("version") VALUES ('20140201175227')
  [1m[36m (3.1ms)[0m  [1mCOMMIT[0m
Migrating to CreateComments (20140201180036)
  [1m[35m (0.4ms)[0m  BEGIN
  [1m[36m (0.2ms)[0m  [1mROLLBACK[0m
Connecting to database specified by database.yml
  [1m[36m (0.3ms)[0m  [1mSELECT "schema_migrations"."version" FROM "schema_migrations" [0m
Migrating to DeviseCreateUsers (20140201173729)
Migrating to CreateTopics (20140201175227)
Migrating to CreateComments (20140201180036)
  [1m[35m (0.1ms)[0m  BEGIN
  [1m[36m (0.2ms)[0m  [1mROLLBACK[0m
Connecting to database specified by database.yml
  [1m[36m (9.9ms)[0m  [1mCREATE TABLE "schema_migrations" ("version" character varying(255) NOT NULL) [0m
  [1m[35m (1.5ms)[0m  CREATE UNIQUE INDEX "unique_schema_migrations" ON "schema_migrations" ("version")
  [1m[36m (0.4ms)[0m  [1mSELECT "schema_migrations"."version" FROM "schema_migrations" [0m
Migrating to DeviseCreateUsers (20140201173729)
  [1m[35m (0.1ms)[0m  BEGIN
  [1m[36m (6.4ms)[0m  [1mCREATE TABLE "users" ("id" serial primary key, "email" character varying(255) DEFAULT '' NOT NULL, "encrypted_password" character varying(255) DEFAULT '' NOT NULL, "reset_password_token" character varying(255), "reset_password_sent_at" timestamp, "remember_created_at" timestamp, "sign_in_count" integer DEFAULT 0 NOT NULL, "current_sign_in_at" timestamp, "last_sign_in_at" timestamp, "current_sign_in_ip" character varying(255), "last_sign_in_ip" character varying(255), "created_at" timestamp NOT NULL, "updated_at" timestamp NOT NULL) [0m
  [1m[35m (1.1ms)[0m  CREATE UNIQUE INDEX "index_users_on_email" ON "users" ("email")
  [1m[36m (0.9ms)[0m  [1mCREATE UNIQUE INDEX "index_users_on_reset_password_token" ON "users" ("reset_password_token")[0m
  [1m[35m (0.4ms)[0m  INSERT INTO "schema_migrations" ("version") VALUES ('20140201173729')
  [1m[36m (0.6ms)[0m  [1mCOMMIT[0m
Migrating to CreateTopics (20140201175227)
  [1m[35m (0.2ms)[0m  BEGIN
  [1m[36m (4.3ms)[0m  [1mCREATE TABLE "topics" ("id" serial primary key, "title" character varying(255), "body" text, "user_id" integer, "created_at" timestamp NOT NULL, "updated_at" timestamp NOT NULL) [0m
  [1m[35m (0.2ms)[0m  INSERT INTO "schema_migrations" ("version") VALUES ('20140201175227')
  [1m[36m (0.4ms)[0m  [1mCOMMIT[0m
Migrating to CreateComments (20140201180036)
  [1m[35m (0.2ms)[0m  BEGIN
  [1m[36m (0.1ms)[0m  [1mROLLBACK[0m
Connecting to database specified by database.yml
  [1m[36m (0.4ms)[0m  [1mSELECT "schema_migrations"."version" FROM "schema_migrations" [0m
Migrating to DeviseCreateUsers (20140201173729)
Migrating to CreateTopics (20140201175227)
Migrating to CreateComments (20140201180036)
  [1m[35m (0.2ms)[0m  BEGIN
  [1m[36m (17.6ms)[0m  [1mCREATE TABLE "comments" ("id" serial primary key, "body" text, "user_id" integer, "topic_id" integer, "agree" boolean, "created_at" timestamp NOT NULL, "updated_at" timestamp NOT NULL) [0m
  [1m[35m (0.4ms)[0m  INSERT INTO "schema_migrations" ("version") VALUES ('20140201180036')
  [1m[36m (1.1ms)[0m  [1mCOMMIT[0m
Migrating to CreateVotes (20140201180500)
  [1m[35m (0.4ms)[0m  BEGIN
  [1m[36m (4.0ms)[0m  [1mCREATE TABLE "votes" ("id" serial primary key, "user_id" integer, "comment_id" integer, "created_at" timestamp NOT NULL, "updated_at" timestamp NOT NULL) [0m
  [1m[35m (0.3ms)[0m  INSERT INTO "schema_migrations" ("version") VALUES ('20140201180500')
  [1m[36m (0.5ms)[0m  [1mCOMMIT[0m
  [1m[35m (0.3ms)[0m  SELECT "schema_migrations"."version" FROM "schema_migrations" 
Connecting to database specified by database.yml


Started GET "/" for 127.0.0.1 at 2014-02-01 13:41:48 -0500

ActionController::RoutingError (uninitialized constant HomeController):
  activesupport (3.2.13) lib/active_support/inflector/methods.rb:230:in `block in constantize'
  activesupport (3.2.13) lib/active_support/inflector/methods.rb:229:in `each'
  activesupport (3.2.13) lib/active_support/inflector/methods.rb:229:in `constantize'
  actionpack (3.2.13) lib/action_dispatch/routing/route_set.rb:69:in `controller_reference'
  actionpack (3.2.13) lib/action_dispatch/routing/route_set.rb:54:in `controller'
  actionpack (3.2.13) lib/action_dispatch/routing/route_set.rb:32:in `call'
  journey (1.0.4) lib/journey/router.rb:68:in `block in call'
  journey (1.0.4) lib/journey/router.rb:56:in `each'
  journey (1.0.4) lib/journey/router.rb:56:in `call'
  actionpack (3.2.13) lib/action_dispatch/routing/route_set.rb:612:in `call'
  warden (1.2.3) lib/warden/manager.rb:35:in `block in call'
  warden (1.2.3) lib/warden/manager.rb:34:in `catch'
  warden (1.2.3) lib/warden/manager.rb:34:in `call'
  actionpack (3.2.13) lib/action_dispatch/middleware/best_standards_support.rb:17:in `call'
  rack (1.4.5) lib/rack/etag.rb:23:in `call'
  rack (1.4.5) lib/rack/conditionalget.rb:25:in `call'
  actionpack (3.2.13) lib/action_dispatch/middleware/head.rb:14:in `call'
  actionpack (3.2.13) lib/action_dispatch/middleware/params_parser.rb:21:in `call'
  actionpack (3.2.13) lib/action_dispatch/middleware/flash.rb:242:in `call'
  rack (1.4.5) lib/rack/session/abstract/id.rb:210:in `context'
  rack (1.4.5) lib/rack/session/abstract/id.rb:205:in `call'
  actionpack (3.2.13) lib/action_dispatch/middleware/cookies.rb:341:in `call'
  activerecord (3.2.13) lib/active_record/query_cache.rb:64:in `call'
  activerecord (3.2.13) lib/active_record/connection_adapters/abstract/connection_pool.rb:479:in `call'
  actionpack (3.2.13) lib/action_dispatch/middleware/callbacks.rb:28:in `block in call'
  activesupport (3.2.13) lib/active_support/callbacks.rb:405:in `_run__593455685118429726__call__1152480074602640396__callbacks'
  activesupport (3.2.13) lib/active_support/callbacks.rb:405:in `__run_callback'
  activesupport (3.2.13) lib/active_support/callbacks.rb:385:in `_run_call_callbacks'
  activesupport (3.2.13) lib/active_support/callbacks.rb:81:in `run_callbacks'
  actionpack (3.2.13) lib/action_dispatch/middleware/callbacks.rb:27:in `call'
  actionpack (3.2.13) lib/action_dispatch/middleware/reloader.rb:65:in `call'
  actionpack (3.2.13) lib/action_dispatch/middleware/remote_ip.rb:31:in `call'
  actionpack (3.2.13) lib/action_dispatch/middleware/debug_exceptions.rb:16:in `call'
  actionpack (3.2.13) lib/action_dispatch/middleware/show_exceptions.rb:56:in `call'
  railties (3.2.13) lib/rails/rack/logger.rb:32:in `call_app'
  railties (3.2.13) lib/rails/rack/logger.rb:16:in `block in call'
  activesupport (3.2.13) lib/active_support/tagged_logging.rb:22:in `tagged'
  railties (3.2.13) lib/rails/rack/logger.rb:16:in `call'
  actionpack (3.2.13) lib/action_dispatch/middleware/request_id.rb:22:in `call'
  rack (1.4.5) lib/rack/methodoverride.rb:21:in `call'
  rack (1.4.5) lib/rack/runtime.rb:17:in `call'
  activesupport (3.2.13) lib/active_support/cache/strategy/local_cache.rb:72:in `call'
  rack (1.4.5) lib/rack/lock.rb:15:in `call'
  actionpack (3.2.13) lib/action_dispatch/middleware/static.rb:63:in `call'
  railties (3.2.13) lib/rails/engine.rb:479:in `call'
  railties (3.2.13) lib/rails/application.rb:223:in `call'
  rack (1.4.5) lib/rack/content_length.rb:14:in `call'
  railties (3.2.13) lib/rails/rack/log_tailer.rb:17:in `call'
  rack (1.4.5) lib/rack/handler/webrick.rb:59:in `service'
  /Users/niznik/.rvm/rubies/ruby-2.0.0-p247/lib/ruby/2.0.0/webrick/httpserver.rb:138:in `service'
  /Users/niznik/.rvm/rubies/ruby-2.0.0-p247/lib/ruby/2.0.0/webrick/httpserver.rb:94:in `run'
  /Users/niznik/.rvm/rubies/ruby-2.0.0-p247/lib/ruby/2.0.0/webrick/server.rb:295:in `block in start_thread'


  Rendered /Users/niznik/.rvm/gems/ruby-2.0.0-p247@block_rails_3/gems/actionpack-3.2.13/lib/action_dispatch/middleware/templates/rescues/routing_error.erb within rescues/layout (1.3ms)


Started GET "/straight" for 127.0.0.1 at 2014-02-01 13:41:50 -0500

ActionController::RoutingError (No route matches [GET] "/straight"):
  actionpack (3.2.13) lib/action_dispatch/middleware/debug_exceptions.rb:21:in `call'
  actionpack (3.2.13) lib/action_dispatch/middleware/show_exceptions.rb:56:in `call'
  railties (3.2.13) lib/rails/rack/logger.rb:32:in `call_app'
  railties (3.2.13) lib/rails/rack/logger.rb:16:in `block in call'
  activesupport (3.2.13) lib/active_support/tagged_logging.rb:22:in `tagged'
  railties (3.2.13) lib/rails/rack/logger.rb:16:in `call'
  actionpack (3.2.13) lib/action_dispatch/middleware/request_id.rb:22:in `call'
  rack (1.4.5) lib/rack/methodoverride.rb:21:in `call'
  rack (1.4.5) lib/rack/runtime.rb:17:in `call'
  activesupport (3.2.13) lib/active_support/cache/strategy/local_cache.rb:72:in `call'
  rack (1.4.5) lib/rack/lock.rb:15:in `call'
  actionpack (3.2.13) lib/action_dispatch/middleware/static.rb:63:in `call'
  railties (3.2.13) lib/rails/engine.rb:479:in `call'
  railties (3.2.13) lib/rails/application.rb:223:in `call'
  rack (1.4.5) lib/rack/content_length.rb:14:in `call'
  railties (3.2.13) lib/rails/rack/log_tailer.rb:17:in `call'
  rack (1.4.5) lib/rack/handler/webrick.rb:59:in `service'
  /Users/niznik/.rvm/rubies/ruby-2.0.0-p247/lib/ruby/2.0.0/webrick/httpserver.rb:138:in `service'
  /Users/niznik/.rvm/rubies/ruby-2.0.0-p247/lib/ruby/2.0.0/webrick/httpserver.rb:94:in `run'
  /Users/niznik/.rvm/rubies/ruby-2.0.0-p247/lib/ruby/2.0.0/webrick/server.rb:295:in `block in start_thread'


  Rendered /Users/niznik/.rvm/gems/ruby-2.0.0-p247@block_rails_3/gems/actionpack-3.2.13/lib/action_dispatch/middleware/templates/rescues/routing_error.erb within rescues/layout (0.5ms)


Started GET "/users/sign_in" for 127.0.0.1 at 2014-02-01 13:41:55 -0500
Processing by Devise::SessionsController#new as HTML
  Rendered devise/shared/_links.erb (1.1ms)
  Rendered devise/sessions/new.html.erb within layouts/application (12.6ms)
Compiled application.css  (0ms)  (pid 12587)
Compiled jquery.js  (31ms)  (pid 12587)
Compiled jquery_ujs.js  (0ms)  (pid 12587)
Compiled application.js  (44ms)  (pid 12587)
Completed 200 OK in 134ms (Views: 73.8ms | ActiveRecord: 5.9ms)


Started GET "/assets/application.css?body=1" for 127.0.0.1 at 2014-02-01 13:41:55 -0500
Served asset /application.css - 200 OK (3ms)


Started GET "/assets/jquery.js?body=1" for 127.0.0.1 at 2014-02-01 13:41:55 -0500
Served asset /jquery.js - 304 Not Modified (1ms)


Started GET "/assets/jquery_ujs.js?body=1" for 127.0.0.1 at 2014-02-01 13:41:55 -0500
Served asset /jquery_ujs.js - 304 Not Modified (2ms)


Started GET "/assets/application.js?body=1" for 127.0.0.1 at 2014-02-01 13:41:55 -0500
Served asset /application.js - 200 OK (35ms)
Connecting to database specified by database.yml


Started GET "/" for 127.0.0.1 at 2014-02-01 13:52:01 -0500
Processing by TopicsController#index as HTML
  Rendered topics/index.html.erb within layouts/application (0.7ms)
Completed 200 OK in 11ms (Views: 10.9ms | ActiveRecord: 0.0ms)


Started GET "/assets/jquery_ujs.js?body=1" for 127.0.0.1 at 2014-02-01 13:52:01 -0500
Served asset /jquery_ujs.js - 304 Not Modified (1ms)


Started GET "/assets/jquery.js?body=1" for 127.0.0.1 at 2014-02-01 13:52:01 -0500
Served asset /jquery.js - 304 Not Modified (32ms)
Connecting to database specified by database.yml


Started GET "/" for 127.0.0.1 at 2014-02-01 15:17:47 -0500
Processing by TopicsController#index as HTML
  Rendered topics/index.html.erb within layouts/application (0.7ms)
Compiled scripts.js  (0ms)  (pid 16404)
Compiled application.js  (4ms)  (pid 16404)
Completed 200 OK in 50ms (Views: 49.8ms | ActiveRecord: 0.0ms)


Started GET "/assets/jquery_ujs.js?body=1" for 127.0.0.1 at 2014-02-01 15:17:47 -0500
Served asset /jquery_ujs.js - 200 OK (2ms)


Started GET "/assets/scripts.js?body=1" for 127.0.0.1 at 2014-02-01 15:17:47 -0500
Served asset /scripts.js - 200 OK (1ms)


Started GET "/assets/jquery.js?body=1" for 127.0.0.1 at 2014-02-01 15:17:47 -0500
Served asset /jquery.js - 200 OK (1ms)


Started GET "/assets/application.js?body=1" for 127.0.0.1 at 2014-02-01 15:17:47 -0500
Served asset /application.js - 304 Not Modified (33ms)


Started GET "/topics" for 127.0.0.1 at 2014-02-01 15:17:47 -0500
Processing by TopicsController#index as JSON
  [1m[36mTopic Load (1.0ms)[0m  [1mSELECT "topics".* FROM "topics" [0m
Completed 200 OK in 25ms (Views: 0.2ms | ActiveRecord: 9.5ms)


Started GET "/" for 127.0.0.1 at 2014-02-01 15:21:10 -0500
Processing by TopicsController#index as HTML
  Rendered topics/index.html.erb within layouts/application (0.2ms)
Completed 200 OK in 3ms (Views: 3.0ms | ActiveRecord: 0.0ms)


Started GET "/assets/application.css?body=1" for 127.0.0.1 at 2014-02-01 15:21:10 -0500
Served asset /application.css - 200 OK (1ms)


Started GET "/assets/jquery.js?body=1" for 127.0.0.1 at 2014-02-01 15:21:10 -0500
Served asset /jquery.js - 304 Not Modified (5ms)


Started GET "/assets/application.js?body=1" for 127.0.0.1 at 2014-02-01 15:21:10 -0500
Served asset /application.js - 304 Not Modified (0ms)


Started GET "/assets/jquery_ujs.js?body=1" for 127.0.0.1 at 2014-02-01 15:21:10 -0500
Served asset /jquery_ujs.js - 304 Not Modified (0ms)


Started GET "/assets/scripts.js?body=1" for 127.0.0.1 at 2014-02-01 15:21:10 -0500
Served asset /scripts.js - 304 Not Modified (0ms)


Started GET "/topics" for 127.0.0.1 at 2014-02-01 15:21:10 -0500
Processing by TopicsController#index as JSON
  [1m[35mTopic Load (0.4ms)[0m  SELECT "topics".* FROM "topics" 
Completed 200 OK in 1ms (Views: 0.1ms | ActiveRecord: 0.4ms)


Started POST "/topics" for 127.0.0.1 at 2014-02-01 15:21:28 -0500
Processing by TopicsController#create as JSON
  Parameters: {"topic"=>{"text"=>"Ted talks are terrible"}}
  [1m[36m (0.2ms)[0m  [1mBEGIN[0m
  [1m[35mSQL (5.3ms)[0m  INSERT INTO "topics" ("body", "created_at", "title", "updated_at", "user_id") VALUES ($1, $2, $3, $4, $5) RETURNING "id"  [["body", nil], ["created_at", Sat, 01 Feb 2014 20:21:28 UTC +00:00], ["title", nil], ["updated_at", Sat, 01 Feb 2014 20:21:28 UTC +00:00], ["user_id", nil]]
  [1m[36m (0.5ms)[0m  [1mCOMMIT[0m
Completed 200 OK in 14ms (Views: 0.2ms | ActiveRecord: 6.3ms)


Started GET "/topics" for 127.0.0.1 at 2014-02-01 15:21:28 -0500
Processing by TopicsController#index as JSON
  [1m[35mTopic Load (0.4ms)[0m  SELECT "topics".* FROM "topics" 
Completed 200 OK in 2ms (Views: 0.1ms | ActiveRecord: 0.4ms)


Started GET "/" for 127.0.0.1 at 2014-02-01 15:24:16 -0500
Processing by TopicsController#index as HTML
  Rendered topics/index.html.erb within layouts/application (0.3ms)
Compiled scripts.js  (0ms)  (pid 16404)
Compiled application.js  (2ms)  (pid 16404)
Completed 200 OK in 54ms (Views: 53.4ms | ActiveRecord: 0.0ms)


Started GET "/assets/application.css?body=1" for 127.0.0.1 at 2014-02-01 15:24:16 -0500
Served asset /application.css - 304 Not Modified (0ms)


Started GET "/assets/application.js?body=1" for 127.0.0.1 at 2014-02-01 15:24:16 -0500
Served asset /application.js - 304 Not Modified (3ms)


Started GET "/assets/jquery_ujs.js?body=1" for 127.0.0.1 at 2014-02-01 15:24:16 -0500
Served asset /jquery_ujs.js - 304 Not Modified (0ms)


Started GET "/assets/jquery.js?body=1" for 127.0.0.1 at 2014-02-01 15:24:16 -0500
Served asset /jquery.js - 304 Not Modified (0ms)


Started GET "/assets/scripts.js?body=1" for 127.0.0.1 at 2014-02-01 15:24:16 -0500
Served asset /scripts.js - 200 OK (1ms)


Started GET "/topics" for 127.0.0.1 at 2014-02-01 15:24:16 -0500
Processing by TopicsController#index as JSON
  [1m[36mTopic Load (0.7ms)[0m  [1mSELECT "topics".* FROM "topics" [0m
Completed 200 OK in 2ms (Views: 0.1ms | ActiveRecord: 0.7ms)


Started GET "/" for 127.0.0.1 at 2014-02-01 15:25:24 -0500
Processing by TopicsController#index as HTML
  Rendered topics/index.html.erb within layouts/application (0.3ms)
Completed 200 OK in 3ms (Views: 3.1ms | ActiveRecord: 0.0ms)


Started GET "/assets/application.css?body=1" for 127.0.0.1 at 2014-02-01 15:25:24 -0500
Served asset /application.css - 304 Not Modified (0ms)


Started GET "/assets/jquery.js?body=1" for 127.0.0.1 at 2014-02-01 15:25:24 -0500
Served asset /jquery.js - 304 Not Modified (0ms)


Started GET "/assets/application.js?body=1" for 127.0.0.1 at 2014-02-01 15:25:24 -0500
Served asset /application.js - 304 Not Modified (0ms)


Started GET "/assets/scripts.js?body=1" for 127.0.0.1 at 2014-02-01 15:25:24 -0500
Served asset /scripts.js - 304 Not Modified (0ms)


Started GET "/assets/jquery_ujs.js?body=1" for 127.0.0.1 at 2014-02-01 15:25:24 -0500
Served asset /jquery_ujs.js - 304 Not Modified (0ms)


Started GET "/topics" for 127.0.0.1 at 2014-02-01 15:25:24 -0500
Processing by TopicsController#index as JSON
  [1m[35mTopic Load (0.3ms)[0m  SELECT "topics".* FROM "topics" 
Completed 200 OK in 2ms (Views: 0.1ms | ActiveRecord: 0.3ms)


Started GET "/" for 127.0.0.1 at 2014-02-01 15:26:30 -0500
Processing by TopicsController#index as HTML
  Rendered topics/index.html.erb within layouts/application (0.5ms)
Compiled scripts.js  (0ms)  (pid 16404)
Compiled application.js  (2ms)  (pid 16404)
Completed 200 OK in 23ms (Views: 22.7ms | ActiveRecord: 0.0ms)


Started GET "/assets/application.css?body=1" for 127.0.0.1 at 2014-02-01 15:26:31 -0500
Served asset /application.css - 304 Not Modified (0ms)


Started GET "/assets/jquery.js?body=1" for 127.0.0.1 at 2014-02-01 15:26:31 -0500
Served asset /jquery.js - 304 Not Modified (0ms)


Started GET "/assets/application.js?body=1" for 127.0.0.1 at 2014-02-01 15:26:31 -0500
Served asset /application.js - 304 Not Modified (4ms)


Started GET "/assets/scripts.js?body=1" for 127.0.0.1 at 2014-02-01 15:26:31 -0500
Served asset /scripts.js - 200 OK (1ms)


Started GET "/assets/jquery_ujs.js?body=1" for 127.0.0.1 at 2014-02-01 15:26:31 -0500
Served asset /jquery_ujs.js - 304 Not Modified (0ms)


Started GET "/topics" for 127.0.0.1 at 2014-02-01 15:26:31 -0500
Processing by TopicsController#index as JSON
  [1m[36mTopic Load (0.6ms)[0m  [1mSELECT "topics".* FROM "topics" [0m
Completed 200 OK in 2ms (Views: 0.1ms | ActiveRecord: 0.6ms)


Started GET "/" for 127.0.0.1 at 2014-02-01 15:29:36 -0500
Processing by TopicsController#index as HTML
  Rendered topics/index.html.erb within layouts/application (0.0ms)
Compiled scripts.js  (0ms)  (pid 16404)
Compiled application.js  (2ms)  (pid 16404)
Completed 200 OK in 20ms (Views: 19.4ms | ActiveRecord: 0.0ms)


Started GET "/assets/scripts.js?body=1" for 127.0.0.1 at 2014-02-01 15:29:36 -0500
Served asset /scripts.js - 200 OK (1ms)


Started GET "/assets/jquery_ujs.js?body=1" for 127.0.0.1 at 2014-02-01 15:29:36 -0500
Served asset /jquery_ujs.js - 304 Not Modified (0ms)


Started GET "/assets/application.css?body=1" for 127.0.0.1 at 2014-02-01 15:29:36 -0500
Served asset /application.css - 304 Not Modified (0ms)


Started GET "/assets/jquery.js?body=1" for 127.0.0.1 at 2014-02-01 15:29:36 -0500
Served asset /jquery.js - 304 Not Modified (0ms)


Started GET "/assets/application.js?body=1" for 127.0.0.1 at 2014-02-01 15:29:36 -0500
Served asset /application.js - 304 Not Modified (3ms)


Started GET "/" for 127.0.0.1 at 2014-02-01 15:31:23 -0500
Processing by TopicsController#index as HTML
  Rendered topics/index.html.erb within layouts/application (0.0ms)
Compiled scripts.js  (0ms)  (pid 16404)
Compiled application.js  (2ms)  (pid 16404)
Completed 200 OK in 51ms (Views: 51.0ms | ActiveRecord: 0.0ms)


Started GET "/assets/application.css?body=1" for 127.0.0.1 at 2014-02-01 15:31:23 -0500
Served asset /application.css - 304 Not Modified (0ms)


Started GET "/assets/application.js?body=1" for 127.0.0.1 at 2014-02-01 15:31:23 -0500
Served asset /application.js - 304 Not Modified (3ms)


Started GET "/assets/jquery.js?body=1" for 127.0.0.1 at 2014-02-01 15:31:23 -0500
Served asset /jquery.js - 304 Not Modified (0ms)


Started GET "/assets/scripts.js?body=1" for 127.0.0.1 at 2014-02-01 15:31:23 -0500
Served asset /scripts.js - 200 OK (1ms)


Started GET "/assets/jquery_ujs.js?body=1" for 127.0.0.1 at 2014-02-01 15:31:23 -0500
Served asset /jquery_ujs.js - 304 Not Modified (0ms)


Started GET "/" for 127.0.0.1 at 2014-02-01 15:31:39 -0500
Processing by TopicsController#index as HTML
  Rendered topics/index.html.erb within layouts/application (0.0ms)
Compiled scripts.js  (0ms)  (pid 16404)
Compiled application.js  (2ms)  (pid 16404)
Completed 200 OK in 54ms (Views: 53.5ms | ActiveRecord: 0.0ms)


Started GET "/assets/application.css?body=1" for 127.0.0.1 at 2014-02-01 15:31:39 -0500
Served asset /application.css - 304 Not Modified (0ms)


Started GET "/assets/jquery.js?body=1" for 127.0.0.1 at 2014-02-01 15:31:39 -0500
Served asset /jquery.js - 304 Not Modified (0ms)


Started GET "/assets/scripts.js?body=1" for 127.0.0.1 at 2014-02-01 15:31:39 -0500
Served asset /scripts.js - 200 OK (1ms)


Started GET "/assets/application.js?body=1" for 127.0.0.1 at 2014-02-01 15:31:39 -0500
Served asset /application.js - 304 Not Modified (5ms)


Started GET "/assets/jquery_ujs.js?body=1" for 127.0.0.1 at 2014-02-01 15:31:39 -0500
Served asset /jquery_ujs.js - 304 Not Modified (0ms)


Started GET "/topics" for 127.0.0.1 at 2014-02-01 15:31:39 -0500
Processing by TopicsController#index as JSON
  [1m[35mTopic Load (0.7ms)[0m  SELECT "topics".* FROM "topics" 
Completed 200 OK in 3ms (Views: 0.1ms | ActiveRecord: 0.7ms)


Started GET "/" for 127.0.0.1 at 2014-02-01 15:35:55 -0500
Processing by TopicsController#index as HTML
  Rendered topics/index.html.erb within layouts/application (0.0ms)
Compiled jquery.js  (2ms)  (pid 16404)
Compiled application.js  (14ms)  (pid 16404)
Completed 200 OK in 55ms (Views: 54.4ms | ActiveRecord: 0.0ms)


Started GET "/assets/jquery_ujs.js?body=1" for 127.0.0.1 at 2014-02-01 15:35:55 -0500
Served asset /jquery_ujs.js - 304 Not Modified (0ms)


Started GET "/assets/jquery.js?body=1" for 127.0.0.1 at 2014-02-01 15:35:55 -0500
Served asset /jquery.js - 304 Not Modified (0ms)


Started GET "/assets/application.css?body=1" for 127.0.0.1 at 2014-02-01 15:35:55 -0500
Served asset /application.css - 304 Not Modified (0ms)


Started GET "/assets/scripts.js?body=1" for 127.0.0.1 at 2014-02-01 15:35:55 -0500
Served asset /scripts.js - 200 OK (0ms)


Started GET "/assets/application.js?body=1" for 127.0.0.1 at 2014-02-01 15:35:55 -0500
Served asset /application.js - 304 Not Modified (2ms)


Started GET "/topics" for 127.0.0.1 at 2014-02-01 15:35:55 -0500
Processing by TopicsController#index as JSON
  [1m[36mTopic Load (0.4ms)[0m  [1mSELECT "topics".* FROM "topics" [0m
Completed 200 OK in 2ms (Views: 0.1ms | ActiveRecord: 0.4ms)
Connecting to database specified by database.yml


Started GET "/" for 127.0.0.1 at 2014-02-01 15:36:10 -0500
Processing by TopicsController#index as HTML
  Rendered topics/index.html.erb within layouts/application (0.8ms)
Completed 200 OK in 39ms (Views: 38.8ms | ActiveRecord: 0.0ms)


Started GET "/assets/application.css?body=1" for 127.0.0.1 at 2014-02-01 15:36:10 -0500
Served asset /application.css - 304 Not Modified (1ms)


Started GET "/assets/jquery.js?body=1" for 127.0.0.1 at 2014-02-01 15:36:10 -0500
Served asset /jquery.js - 200 OK (4ms)


Started GET "/assets/jquery_ujs.js?body=1" for 127.0.0.1 at 2014-02-01 15:36:10 -0500
Served asset /jquery_ujs.js - 304 Not Modified (2ms)


Started GET "/assets/scripts.js?body=1" for 127.0.0.1 at 2014-02-01 15:36:10 -0500
Served asset /scripts.js - 304 Not Modified (1ms)


Started GET "/assets/application.js?body=1" for 127.0.0.1 at 2014-02-01 15:36:10 -0500
Served asset /application.js - 304 Not Modified (2ms)


Started GET "/topics" for 127.0.0.1 at 2014-02-01 15:36:10 -0500
Processing by TopicsController#index as JSON
  [1m[36mTopic Load (0.4ms)[0m  [1mSELECT "topics".* FROM "topics" [0m
Completed 200 OK in 65ms (Views: 0.1ms | ActiveRecord: 7.4ms)


Started GET "/" for 127.0.0.1 at 2014-02-01 15:36:50 -0500
Processing by TopicsController#index as HTML
  Rendered topics/index.html.erb within layouts/application (0.0ms)
Compiled scripts.js  (0ms)  (pid 17141)
Compiled application.js  (2ms)  (pid 17141)
Completed 200 OK in 23ms (Views: 22.6ms | ActiveRecord: 0.0ms)


Started GET "/assets/application.css?body=1" for 127.0.0.1 at 2014-02-01 15:36:50 -0500
Served asset /application.css - 304 Not Modified (0ms)


Started GET "/assets/jquery.js?body=1" for 127.0.0.1 at 2014-02-01 15:36:50 -0500
Served asset /jquery.js - 304 Not Modified (0ms)


Started GET "/assets/scripts.js?body=1" for 127.0.0.1 at 2014-02-01 15:36:50 -0500
Served asset /scripts.js - 200 OK (1ms)


Started GET "/assets/jquery_ujs.js?body=1" for 127.0.0.1 at 2014-02-01 15:36:50 -0500
Served asset /jquery_ujs.js - 304 Not Modified (0ms)


Started GET "/assets/application.js?body=1" for 127.0.0.1 at 2014-02-01 15:36:50 -0500
Served asset /application.js - 304 Not Modified (36ms)


Started GET "/topics" for 127.0.0.1 at 2014-02-01 15:36:50 -0500
Processing by TopicsController#index as JSON
  [1m[35mTopic Load (0.4ms)[0m  SELECT "topics".* FROM "topics" 
Completed 200 OK in 2ms (Views: 0.1ms | ActiveRecord: 0.4ms)


Started GET "/" for 127.0.0.1 at 2014-02-01 15:38:31 -0500
Processing by TopicsController#index as HTML
  Rendered topics/index.html.erb within layouts/application (0.3ms)
Compiled scripts.js  (0ms)  (pid 17141)
Compiled application.js  (2ms)  (pid 17141)
Completed 200 OK in 22ms (Views: 21.9ms | ActiveRecord: 0.0ms)


Started GET "/assets/application.css?body=1" for 127.0.0.1 at 2014-02-01 15:38:31 -0500
Served asset /application.css - 304 Not Modified (0ms)


Started GET "/assets/jquery.js?body=1" for 127.0.0.1 at 2014-02-01 15:38:31 -0500
Served asset /jquery.js - 304 Not Modified (0ms)


Started GET "/assets/application.js?body=1" for 127.0.0.1 at 2014-02-01 15:38:31 -0500
Served asset /application.js - 304 Not Modified (35ms)


Started GET "/assets/jquery_ujs.js?body=1" for 127.0.0.1 at 2014-02-01 15:38:31 -0500
Served asset /jquery_ujs.js - 304 Not Modified (0ms)


Started GET "/assets/scripts.js?body=1" for 127.0.0.1 at 2014-02-01 15:38:31 -0500
Served asset /scripts.js - 200 OK (1ms)


Started GET "/topics" for 127.0.0.1 at 2014-02-01 15:38:31 -0500
Processing by TopicsController#index as JSON
  [1m[36mTopic Load (0.5ms)[0m  [1mSELECT "topics".* FROM "topics" [0m
Completed 200 OK in 3ms (Views: 0.2ms | ActiveRecord: 0.5ms)


Started GET "/" for 127.0.0.1 at 2014-02-01 15:46:29 -0500
Processing by TopicsController#index as HTML
  Rendered topics/index.html.erb within layouts/application (0.0ms)
Compiled scripts.js  (0ms)  (pid 17141)
Compiled application.js  (2ms)  (pid 17141)
Completed 200 OK in 21ms (Views: 21.1ms | ActiveRecord: 0.0ms)


Started GET "/assets/application.css?body=1" for 127.0.0.1 at 2014-02-01 15:46:29 -0500
Served asset /application.css - 304 Not Modified (0ms)


Started GET "/assets/jquery_ujs.js?body=1" for 127.0.0.1 at 2014-02-01 15:46:29 -0500
Served asset /jquery_ujs.js - 304 Not Modified (0ms)


Started GET "/assets/jquery.js?body=1" for 127.0.0.1 at 2014-02-01 15:46:29 -0500
Served asset /jquery.js - 304 Not Modified (0ms)


Started GET "/assets/application.js?body=1" for 127.0.0.1 at 2014-02-01 15:46:29 -0500
Served asset /application.js - 304 Not Modified (38ms)


Started GET "/assets/scripts.js?body=1" for 127.0.0.1 at 2014-02-01 15:46:29 -0500
Served asset /scripts.js - 200 OK (1ms)


Started GET "/topics" for 127.0.0.1 at 2014-02-01 15:46:29 -0500
Processing by TopicsController#index as JSON
  [1m[35mTopic Load (0.6ms)[0m  SELECT "topics".* FROM "topics" 
Completed 200 OK in 2ms (Views: 0.1ms | ActiveRecord: 0.6ms)


Started GET "/" for 127.0.0.1 at 2014-02-01 15:46:54 -0500
Processing by TopicsController#index as HTML
  Rendered topics/index.html.erb within layouts/application (0.0ms)
Compiled scripts.js  (0ms)  (pid 17141)
Compiled application.js  (1ms)  (pid 17141)
Completed 200 OK in 20ms (Views: 19.7ms | ActiveRecord: 0.0ms)


Started GET "/assets/application.css?body=1" for 127.0.0.1 at 2014-02-01 15:46:54 -0500
Served asset /application.css - 304 Not Modified (0ms)


Started GET "/assets/jquery.js?body=1" for 127.0.0.1 at 2014-02-01 15:46:54 -0500
Served asset /jquery.js - 304 Not Modified (0ms)


Started GET "/assets/scripts.js?body=1" for 127.0.0.1 at 2014-02-01 15:46:54 -0500
Served asset /scripts.js - 200 OK (1ms)


Started GET "/assets/application.js?body=1" for 127.0.0.1 at 2014-02-01 15:46:54 -0500
Served asset /application.js - 304 Not Modified (4ms)


Started GET "/assets/jquery_ujs.js?body=1" for 127.0.0.1 at 2014-02-01 15:46:54 -0500
Served asset /jquery_ujs.js - 304 Not Modified (0ms)


Started GET "/topics" for 127.0.0.1 at 2014-02-01 15:46:54 -0500
Processing by TopicsController#index as JSON
  [1m[36mTopic Load (0.3ms)[0m  [1mSELECT "topics".* FROM "topics" [0m
Completed 200 OK in 1ms (Views: 0.1ms | ActiveRecord: 0.3ms)


Started POST "/topics" for 127.0.0.1 at 2014-02-01 15:46:58 -0500
Processing by TopicsController#create as JSON
  Parameters: {"topic"=>{"title"=>"title", "body"=>"topic body"}}
  [1m[35m (0.2ms)[0m  BEGIN
  [1m[36mSQL (4.0ms)[0m  [1mINSERT INTO "topics" ("body", "created_at", "title", "updated_at", "user_id") VALUES ($1, $2, $3, $4, $5) RETURNING "id"[0m  [["body", "topic body"], ["created_at", Sat, 01 Feb 2014 20:46:58 UTC +00:00], ["title", "title"], ["updated_at", Sat, 01 Feb 2014 20:46:58 UTC +00:00], ["user_id", nil]]
  [1m[35m (0.5ms)[0m  COMMIT
Completed 200 OK in 9ms (Views: 0.1ms | ActiveRecord: 4.8ms)


Started GET "/topics" for 127.0.0.1 at 2014-02-01 15:46:58 -0500
Processing by TopicsController#index as JSON
  [1m[36mTopic Load (0.4ms)[0m  [1mSELECT "topics".* FROM "topics" [0m
Completed 200 OK in 2ms (Views: 0.1ms | ActiveRecord: 0.4ms)


Started DELETE "/topics/1" for 127.0.0.1 at 2014-02-01 15:47:15 -0500
Processing by TopicsController#destroy as JSON
  Parameters: {"id"=>"1"}
  [1m[35mTopic Load (0.8ms)[0m  SELECT "topics".* FROM "topics" WHERE "topics"."id" = $1 LIMIT 1  [["id", "1"]]
  [1m[36m (0.1ms)[0m  [1mBEGIN[0m
  [1m[35mSQL (0.6ms)[0m  DELETE FROM "topics" WHERE "topics"."id" = $1  [["id", 1]]
  [1m[36m (6.7ms)[0m  [1mCOMMIT[0m
Completed 200 OK in 11ms (Views: 0.2ms | ActiveRecord: 8.2ms)


Started DELETE "/topics/2" for 127.0.0.1 at 2014-02-01 15:47:16 -0500
Processing by TopicsController#destroy as JSON
  Parameters: {"id"=>"2"}
  [1m[35mTopic Load (0.4ms)[0m  SELECT "topics".* FROM "topics" WHERE "topics"."id" = $1 LIMIT 1  [["id", "2"]]
  [1m[36m (0.2ms)[0m  [1mBEGIN[0m
  [1m[35mSQL (0.3ms)[0m  DELETE FROM "topics" WHERE "topics"."id" = $1  [["id", 2]]
  [1m[36m (6.7ms)[0m  [1mCOMMIT[0m
Completed 200 OK in 10ms (Views: 0.1ms | ActiveRecord: 7.6ms)


Started POST "/topics" for 127.0.0.1 at 2014-02-01 15:47:39 -0500
Processing by TopicsController#create as JSON
  Parameters: {"topic"=>{"title"=>"title", "body"=>"topic body"}}
  [1m[35m (0.1ms)[0m  BEGIN
  [1m[36mSQL (0.6ms)[0m  [1mINSERT INTO "topics" ("body", "created_at", "title", "updated_at", "user_id") VALUES ($1, $2, $3, $4, $5) RETURNING "id"[0m  [["body", "topic body"], ["created_at", Sat, 01 Feb 2014 20:47:39 UTC +00:00], ["title", "title"], ["updated_at", Sat, 01 Feb 2014 20:47:39 UTC +00:00], ["user_id", nil]]
  [1m[35m (0.5ms)[0m  COMMIT
Completed 200 OK in 4ms (Views: 0.1ms | ActiveRecord: 1.2ms)


Started GET "/topics" for 127.0.0.1 at 2014-02-01 15:47:39 -0500
Processing by TopicsController#index as JSON
  [1m[36mTopic Load (0.3ms)[0m  [1mSELECT "topics".* FROM "topics" [0m
Completed 200 OK in 1ms (Views: 0.1ms | ActiveRecord: 0.3ms)
